Using pre-set license
Built from '2020.3/staging' branch; Version is '2020.3.26f1 (7298b473bc1a) revision 7510196'; Using compiler version '192528614'; Build Type 'Release'
OS: 'Windows 10  (10.0.19044) 64bit Core' Language: 'en' Physical Memory: 15776 MB
BatchMode: 1, IsHumanControllingUs: 0, StartBugReporterOnCrash: 0, Is64bit: 1, IsPro: 0

COMMAND LINE ARGUMENTS:
C:\Program Files\Unity\Hub\Editor\2020.3.26f1\Editor\Unity.exe
-adb2
-batchMode
-noUpm
-name
AssetImportWorker0
-projectPath
C:/Users/aaron/Documents/GitHub/BountyBrawl/BountyBrawl
-logFile
Logs/AssetImportWorker0.log
-srvPort
53381
Successfully changed project path to: C:/Users/aaron/Documents/GitHub/BountyBrawl/BountyBrawl
C:/Users/aaron/Documents/GitHub/BountyBrawl/BountyBrawl
Using Asset Import Pipeline V2.
Refreshing native plugins compatible for Editor in 44.76 ms, found 3 plugins.
Preloading 0 native plugins for Editor in 0.00 ms.
Initialize engine version: 2020.3.26f1 (7298b473bc1a)
[Subsystems] Discovering subsystems at path C:/Program Files/Unity/Hub/Editor/2020.3.26f1/Editor/Data/Resources/UnitySubsystems
[Subsystems] Discovering subsystems at path C:/Users/aaron/Documents/GitHub/BountyBrawl/BountyBrawl/Assets
GfxDevice: creating device client; threaded=0
Direct3D:
    Version:  Direct3D 11.0 [level 11.1]
    Renderer: NVIDIA GeForce RTX 3070 Laptop GPU (ID=0x249d)
    Vendor:   
    VRAM:     8044 MB
    Driver:   30.0.15.1278
Initialize mono
Mono path[0] = 'C:/Program Files/Unity/Hub/Editor/2020.3.26f1/Editor/Data/Managed'
Mono path[1] = 'C:/Program Files/Unity/Hub/Editor/2020.3.26f1/Editor/Data/MonoBleedingEdge/lib/mono/unityjit'
Mono config path = 'C:/Program Files/Unity/Hub/Editor/2020.3.26f1/Editor/Data/MonoBleedingEdge/etc'
Using monoOptions --debugger-agent=transport=dt_socket,embedding=1,server=y,suspend=n,address=127.0.0.1:56088
Begin MonoManager ReloadAssembly
Registering precompiled unity dll's ...
Register platform support module: C:/Program Files/Unity/Hub/Editor/2020.3.26f1/Editor/Data/PlaybackEngines/WebGLSupport/UnityEditor.WebGL.Extensions.dll
Register platform support module: C:/Program Files/Unity/Hub/Editor/2020.3.26f1/Editor/Data/PlaybackEngines/WindowsStandaloneSupport/UnityEditor.WindowsStandalone.Extensions.dll
Registered in 0.002727 seconds.
Native extension for WindowsStandalone target not found
Native extension for WebGL target not found
Refreshing native plugins compatible for Editor in 42.24 ms, found 3 plugins.
Preloading 0 native plugins for Editor in 0.00 ms.
Mono: successfully reloaded assembly
- Completed reload, in  0.478 seconds
Domain Reload Profiling:
	ReloadAssembly (478ms)
		BeginReloadAssembly (48ms)
			ExecutionOrderSort (0ms)
			DisableScriptedObjects (0ms)
			BackupInstance (0ms)
			ReleaseScriptingObjects (0ms)
			CreateAndSetChildDomain (1ms)
		EndReloadAssembly (370ms)
			LoadAssemblies (46ms)
			RebuildTransferFunctionScriptingTraits (0ms)
			SetupTypeCache (106ms)
			ReleaseScriptCaches (0ms)
			RebuildScriptCaches (34ms)
			SetupLoadedEditorAssemblies (145ms)
				LogAssemblyErrors (0ms)
				InitializePlatformSupportModulesInManaged (5ms)
				SetLoadedEditorAssemblies (0ms)
				RefreshPlugins (42ms)
				BeforeProcessingInitializeOnLoad (13ms)
				ProcessInitializeOnLoadAttributes (63ms)
				ProcessInitializeOnLoadMethodAttributes (21ms)
				AfterProcessingInitializeOnLoad (0ms)
				EditorAssembliesLoaded (0ms)
			ExecutionOrderSort2 (0ms)
			AwakeInstancesAfterBackupRestoration (0ms)
Platform modules already initialized, skipping
Registering precompiled user dll's ...
Registered in 0.005394 seconds.
Begin MonoManager ReloadAssembly
Native extension for WindowsStandalone target not found
Native extension for WebGL target not found
Refreshing native plugins compatible for Editor in 40.52 ms, found 3 plugins.
Preloading 0 native plugins for Editor in 0.00 ms.
Mono: successfully reloaded assembly
- Completed reload, in  0.936 seconds
Domain Reload Profiling:
	ReloadAssembly (937ms)
		BeginReloadAssembly (110ms)
			ExecutionOrderSort (0ms)
			DisableScriptedObjects (4ms)
			BackupInstance (0ms)
			ReleaseScriptingObjects (0ms)
			CreateAndSetChildDomain (18ms)
		EndReloadAssembly (776ms)
			LoadAssemblies (82ms)
			RebuildTransferFunctionScriptingTraits (0ms)
			SetupTypeCache (234ms)
			ReleaseScriptCaches (1ms)
			RebuildScriptCaches (34ms)
			SetupLoadedEditorAssemblies (341ms)
				LogAssemblyErrors (0ms)
				InitializePlatformSupportModulesInManaged (4ms)
				SetLoadedEditorAssemblies (0ms)
				RefreshPlugins (41ms)
				BeforeProcessingInitializeOnLoad (74ms)
				ProcessInitializeOnLoadAttributes (201ms)
				ProcessInitializeOnLoadMethodAttributes (14ms)
				AfterProcessingInitializeOnLoad (7ms)
				EditorAssembliesLoaded (0ms)
			ExecutionOrderSort2 (0ms)
			AwakeInstancesAfterBackupRestoration (5ms)
Platform modules already initialized, skipping
========================================================================
Worker process is ready to serve import requests
Launched and connected shader compiler UnityShaderCompiler.exe after 0.04 seconds
Refreshing native plugins compatible for Editor in 0.59 ms, found 3 plugins.
Preloading 0 native plugins for Editor in 0.00 ms.
Unloading 2554 Unused Serialized files (Serialized files now loaded: 0)
System memory in use before: 111.7 MB.
System memory in use after: 111.9 MB.

Unloading 31 unused Assets to reduce memory usage. Loaded Objects now: 2990.
Total: 3.834800 ms (FindLiveObjects: 0.380700 ms CreateObjectMapping: 0.209100 ms MarkObjects: 3.165000 ms  DeleteObjects: 0.078600 ms)

AssetImportParameters requested are different than current active one (requested -> active):
  custom:framework-win-MediaFoundation: 216162199b28c13a410421893ffa2e32 -> 
  custom:video-decoder-ogg-theora: a1e56fd34408186e4bbccfd4996cb3dc -> 
  custom:container-muxer-webm: aa71ff27fc2769a1b78a27578f13a17b -> 
  custom:container-demuxer-webm: 4f35f7cbe854078d1ac9338744f61a02 -> 
  custom:container-demuxer-ogg: 62fdf1f143b41e24485cea50d1cbac27 -> 
  custom:video-encoder-webm-vp8: eb34c28f22e8b96e1ab97ce403110664 -> 
  custom:video-codec-MediaFoundation-h265: 746d11721c4dcdbdad8f713fa42b33f4 -> 
  custom:video-decoder-webm-vp8: 9c59270c3fd7afecdb556c50c9e8de78 -> 
  custom:audio-decoder-ogg-vorbis: bf7c407c2cedff20999df2af8eb42d56 -> 
  custom:audio-encoder-webm-vorbis: bf7c407c2cedff20999df2af8eb42d56 -> 
========================================================================
Received Import Request.
  path: Packages/com.unity.inputsystem/InputSystem/Plugins/PlayerInput/DefaultInputActions.inputactions
  artifactKey: Guid(ca9f5fa95ffab41fb9a615ab714db018) Importer(815301076,1909f56bfc062723c751e8b465ee728b)
Start importing Packages/com.unity.inputsystem/InputSystem/Plugins/PlayerInput/DefaultInputActions.inputactions using Guid(ca9f5fa95ffab41fb9a615ab714db018) Importer(815301076,1909f56bfc062723c751e8b465ee728b)  -> (artifact id: '16abb7f7462d195e2f193227d26c86a1') in 0.032288 seconds 
  Import took 0.035851 seconds .

========================================================================
Received Import Request.
  Time since last request: 1.997074 seconds.
  path: Assets/Prefabs/PlayerInput.prefab
  artifactKey: Guid(d60775ea7c378134e8bc35ed87235819) Importer(815301076,1909f56bfc062723c751e8b465ee728b)
Start importing Assets/Prefabs/PlayerInput.prefab using Guid(d60775ea7c378134e8bc35ed87235819) Importer(815301076,1909f56bfc062723c751e8b465ee728b)  -> (artifact id: 'ed2e3d85731e4110b72c52c9ef73e41e') in 0.019797 seconds 
  Import took 0.023084 seconds .

========================================================================
Received Import Request.
  Time since last request: 0.850570 seconds.
  path: Assets/Prefabs/PlayerInput.prefab
  artifactKey: Guid(d60775ea7c378134e8bc35ed87235819) Importer(815301076,1909f56bfc062723c751e8b465ee728b)
Start importing Assets/Prefabs/PlayerInput.prefab using Guid(d60775ea7c378134e8bc35ed87235819) Importer(815301076,1909f56bfc062723c751e8b465ee728b)  -> (artifact id: 'e90f2f57cdd1ad5549208a090b22495a') in 0.004444 seconds 
  Import took 0.008013 seconds .

========================================================================
Received Import Request.
  Time since last request: 2.882250 seconds.
  path: Assets/Prefabs/PlayerInput.prefab
  artifactKey: Guid(d60775ea7c378134e8bc35ed87235819) Importer(815301076,1909f56bfc062723c751e8b465ee728b)
Start importing Assets/Prefabs/PlayerInput.prefab using Guid(d60775ea7c378134e8bc35ed87235819) Importer(815301076,1909f56bfc062723c751e8b465ee728b)  -> (artifact id: 'f1829de16507fecb953bbab375ae0257') in 0.003950 seconds 
  Import took 0.007127 seconds .

========================================================================
Received Import Request.
  Time since last request: 14.122305 seconds.
  path: Assets/PlayerControls.inputactions
  artifactKey: Guid(5c5b82b44dda12c41a65f65f212c62a3) Importer(815301076,1909f56bfc062723c751e8b465ee728b)
Start importing Assets/PlayerControls.inputactions using Guid(5c5b82b44dda12c41a65f65f212c62a3) Importer(815301076,1909f56bfc062723c751e8b465ee728b)  -> (artifact id: '35f40c0094453773946b7f17b63e1d01') in 0.004566 seconds 
  Import took 0.008627 seconds .

========================================================================
Received Import Request.
  Time since last request: 2.276595 seconds.
  path: Assets/Prefabs/PlayerInput.prefab
  artifactKey: Guid(d60775ea7c378134e8bc35ed87235819) Importer(815301076,1909f56bfc062723c751e8b465ee728b)
Start importing Assets/Prefabs/PlayerInput.prefab using Guid(d60775ea7c378134e8bc35ed87235819) Importer(815301076,1909f56bfc062723c751e8b465ee728b)  -> (artifact id: 'cd7ca04f0ee2e41d3ac6a0239c7bccf0') in 0.004431 seconds 
  Import took 0.008072 seconds .

========================================================================
Received Prepare
Registering precompiled user dll's ...
Registered in 0.005021 seconds.
Begin MonoManager ReloadAssembly
Native extension for WindowsStandalone target not found
Native extension for WebGL target not found
Refreshing native plugins compatible for Editor in 0.75 ms, found 3 plugins.
Preloading 0 native plugins for Editor in 0.00 ms.
Mono: successfully reloaded assembly
- Completed reload, in  0.863 seconds
Domain Reload Profiling:
	ReloadAssembly (864ms)
		BeginReloadAssembly (115ms)
			ExecutionOrderSort (0ms)
			DisableScriptedObjects (5ms)
			BackupInstance (0ms)
			ReleaseScriptingObjects (0ms)
			CreateAndSetChildDomain (35ms)
		EndReloadAssembly (697ms)
			LoadAssemblies (82ms)
			RebuildTransferFunctionScriptingTraits (0ms)
			SetupTypeCache (240ms)
			ReleaseScriptCaches (1ms)
			RebuildScriptCaches (28ms)
			SetupLoadedEditorAssemblies (274ms)
				LogAssemblyErrors (0ms)
				InitializePlatformSupportModulesInManaged (5ms)
				SetLoadedEditorAssemblies (0ms)
				RefreshPlugins (1ms)
				BeforeProcessingInitializeOnLoad (73ms)
				ProcessInitializeOnLoadAttributes (179ms)
				ProcessInitializeOnLoadMethodAttributes (8ms)
				AfterProcessingInitializeOnLoad (7ms)
				EditorAssembliesLoaded (0ms)
			ExecutionOrderSort2 (0ms)
			AwakeInstancesAfterBackupRestoration (7ms)
Platform modules already initialized, skipping
Refreshing native plugins compatible for Editor in 0.81 ms, found 3 plugins.
Preloading 0 native plugins for Editor in 0.00 ms.
Unloading 2529 Unused Serialized files (Serialized files now loaded: 0)
System memory in use before: 110.0 MB.
System memory in use after: 110.2 MB.

Unloading 18 unused Assets to reduce memory usage. Loaded Objects now: 2992.
Total: 3.755400 ms (FindLiveObjects: 0.243900 ms CreateObjectMapping: 0.130200 ms MarkObjects: 3.359300 ms  DeleteObjects: 0.020900 ms)

AssetImportParameters requested are different than current active one (requested -> active):
  custom:framework-win-MediaFoundation: 216162199b28c13a410421893ffa2e32 -> 
  custom:video-decoder-ogg-theora: a1e56fd34408186e4bbccfd4996cb3dc -> 
  custom:container-muxer-webm: aa71ff27fc2769a1b78a27578f13a17b -> 
  custom:container-demuxer-webm: 4f35f7cbe854078d1ac9338744f61a02 -> 
  custom:container-demuxer-ogg: 62fdf1f143b41e24485cea50d1cbac27 -> 
  custom:video-encoder-webm-vp8: eb34c28f22e8b96e1ab97ce403110664 -> 
  custom:video-codec-MediaFoundation-h265: 746d11721c4dcdbdad8f713fa42b33f4 -> 
  custom:video-decoder-webm-vp8: 9c59270c3fd7afecdb556c50c9e8de78 -> 
  custom:audio-decoder-ogg-vorbis: bf7c407c2cedff20999df2af8eb42d56 -> 
  custom:audio-encoder-webm-vorbis: bf7c407c2cedff20999df2af8eb42d56 -> 
========================================================================
Received Prepare
Registering precompiled user dll's ...
Registered in 0.004792 seconds.
Begin MonoManager ReloadAssembly
Native extension for WindowsStandalone target not found
Native extension for WebGL target not found
Refreshing native plugins compatible for Editor in 0.57 ms, found 3 plugins.
Preloading 0 native plugins for Editor in 0.00 ms.
Mono: successfully reloaded assembly
- Completed reload, in  0.823 seconds
Domain Reload Profiling:
	ReloadAssembly (823ms)
		BeginReloadAssembly (104ms)
			ExecutionOrderSort (0ms)
			DisableScriptedObjects (5ms)
			BackupInstance (0ms)
			ReleaseScriptingObjects (0ms)
			CreateAndSetChildDomain (35ms)
		EndReloadAssembly (670ms)
			LoadAssemblies (80ms)
			RebuildTransferFunctionScriptingTraits (0ms)
			SetupTypeCache (217ms)
			ReleaseScriptCaches (2ms)
			RebuildScriptCaches (30ms)
			SetupLoadedEditorAssemblies (268ms)
				LogAssemblyErrors (0ms)
				InitializePlatformSupportModulesInManaged (5ms)
				SetLoadedEditorAssemblies (0ms)
				RefreshPlugins (1ms)
				BeforeProcessingInitializeOnLoad (69ms)
				ProcessInitializeOnLoadAttributes (178ms)
				ProcessInitializeOnLoadMethodAttributes (8ms)
				AfterProcessingInitializeOnLoad (7ms)
				EditorAssembliesLoaded (0ms)
			ExecutionOrderSort2 (0ms)
			AwakeInstancesAfterBackupRestoration (7ms)
Platform modules already initialized, skipping
Refreshing native plugins compatible for Editor in 0.58 ms, found 3 plugins.
Preloading 0 native plugins for Editor in 0.00 ms.
Unloading 2529 Unused Serialized files (Serialized files now loaded: 0)
System memory in use before: 110.1 MB.
System memory in use after: 110.3 MB.

Unloading 18 unused Assets to reduce memory usage. Loaded Objects now: 2994.
Total: 3.391800 ms (FindLiveObjects: 0.469000 ms CreateObjectMapping: 0.074100 ms MarkObjects: 2.830300 ms  DeleteObjects: 0.016900 ms)

AssetImportParameters requested are different than current active one (requested -> active):
  custom:framework-win-MediaFoundation: 216162199b28c13a410421893ffa2e32 -> 
  custom:video-decoder-ogg-theora: a1e56fd34408186e4bbccfd4996cb3dc -> 
  custom:container-muxer-webm: aa71ff27fc2769a1b78a27578f13a17b -> 
  custom:container-demuxer-webm: 4f35f7cbe854078d1ac9338744f61a02 -> 
  custom:container-demuxer-ogg: 62fdf1f143b41e24485cea50d1cbac27 -> 
  custom:video-encoder-webm-vp8: eb34c28f22e8b96e1ab97ce403110664 -> 
  custom:video-codec-MediaFoundation-h265: 746d11721c4dcdbdad8f713fa42b33f4 -> 
  custom:video-decoder-webm-vp8: 9c59270c3fd7afecdb556c50c9e8de78 -> 
  custom:audio-decoder-ogg-vorbis: bf7c407c2cedff20999df2af8eb42d56 -> 
  custom:audio-encoder-webm-vorbis: bf7c407c2cedff20999df2af8eb42d56 -> 
========================================================================
Received Import Request.
  Time since last request: 31.447601 seconds.
  path: Assets/Prefabs/PlayerInput.prefab
  artifactKey: Guid(d60775ea7c378134e8bc35ed87235819) Importer(815301076,1909f56bfc062723c751e8b465ee728b)
Start importing Assets/Prefabs/PlayerInput.prefab using Guid(d60775ea7c378134e8bc35ed87235819) Importer(815301076,1909f56bfc062723c751e8b465ee728b)  -> (artifact id: '90aa774dd6aaaed8cf2deb28fb01afaf') in 0.032572 seconds 
  Import took 0.035798 seconds .

========================================================================
Received Prepare
Registering precompiled user dll's ...
Registered in 0.006859 seconds.
Begin MonoManager ReloadAssembly
Native extension for WindowsStandalone target not found
Native extension for WebGL target not found
Refreshing native plugins compatible for Editor in 0.66 ms, found 3 plugins.
Preloading 0 native plugins for Editor in 0.00 ms.
Mono: successfully reloaded assembly
- Completed reload, in  0.840 seconds
Domain Reload Profiling:
	ReloadAssembly (840ms)
		BeginReloadAssembly (114ms)
			ExecutionOrderSort (0ms)
			DisableScriptedObjects (5ms)
			BackupInstance (0ms)
			ReleaseScriptingObjects (0ms)
			CreateAndSetChildDomain (36ms)
		EndReloadAssembly (675ms)
			LoadAssemblies (84ms)
			RebuildTransferFunctionScriptingTraits (0ms)
			SetupTypeCache (219ms)
			ReleaseScriptCaches (1ms)
			RebuildScriptCaches (29ms)
			SetupLoadedEditorAssemblies (269ms)
				LogAssemblyErrors (0ms)
				InitializePlatformSupportModulesInManaged (4ms)
				SetLoadedEditorAssemblies (0ms)
				RefreshPlugins (1ms)
				BeforeProcessingInitializeOnLoad (70ms)
				ProcessInitializeOnLoadAttributes (177ms)
				ProcessInitializeOnLoadMethodAttributes (9ms)
				AfterProcessingInitializeOnLoad (7ms)
				EditorAssembliesLoaded (0ms)
			ExecutionOrderSort2 (0ms)
			AwakeInstancesAfterBackupRestoration (7ms)
Platform modules already initialized, skipping
Refreshing native plugins compatible for Editor in 0.57 ms, found 3 plugins.
Preloading 0 native plugins for Editor in 0.00 ms.
Unloading 2529 Unused Serialized files (Serialized files now loaded: 0)
System memory in use before: 110.1 MB.
System memory in use after: 110.3 MB.

Unloading 18 unused Assets to reduce memory usage. Loaded Objects now: 2996.
Total: 3.182700 ms (FindLiveObjects: 0.208400 ms CreateObjectMapping: 0.110700 ms MarkObjects: 2.847100 ms  DeleteObjects: 0.015700 ms)

AssetImportParameters requested are different than current active one (requested -> active):
  custom:framework-win-MediaFoundation: 216162199b28c13a410421893ffa2e32 -> 
  custom:video-decoder-ogg-theora: a1e56fd34408186e4bbccfd4996cb3dc -> 
  custom:container-muxer-webm: aa71ff27fc2769a1b78a27578f13a17b -> 
  custom:container-demuxer-webm: 4f35f7cbe854078d1ac9338744f61a02 -> 
  custom:container-demuxer-ogg: 62fdf1f143b41e24485cea50d1cbac27 -> 
  custom:video-encoder-webm-vp8: eb34c28f22e8b96e1ab97ce403110664 -> 
  custom:video-codec-MediaFoundation-h265: 746d11721c4dcdbdad8f713fa42b33f4 -> 
  custom:video-decoder-webm-vp8: 9c59270c3fd7afecdb556c50c9e8de78 -> 
  custom:audio-decoder-ogg-vorbis: bf7c407c2cedff20999df2af8eb42d56 -> 
  custom:audio-encoder-webm-vorbis: bf7c407c2cedff20999df2af8eb42d56 -> 
========================================================================
Received Import Request.
  Time since last request: 148.482961 seconds.
  path: Assets/Prefabs/Weapons
  artifactKey: Guid(5174055e67801fa48824e3f3ebdd5c42) Importer(815301076,1909f56bfc062723c751e8b465ee728b)
Start importing Assets/Prefabs/Weapons using Guid(5174055e67801fa48824e3f3ebdd5c42) Importer(815301076,1909f56bfc062723c751e8b465ee728b)  -> (artifact id: '4ddcae950bc13493b8d07529fb9adfe9') in 0.005254 seconds 
  Import took 0.008574 seconds .

========================================================================
Received Import Request.
  Time since last request: 5.840872 seconds.
  path: Assets/Prefabs/Bullets
  artifactKey: Guid(5baafd7cfbbecd745ab493c197a1ced2) Importer(815301076,1909f56bfc062723c751e8b465ee728b)
Start importing Assets/Prefabs/Bullets using Guid(5baafd7cfbbecd745ab493c197a1ced2) Importer(815301076,1909f56bfc062723c751e8b465ee728b)  -> (artifact id: '394b42d78a8515861d0a3476752f1fd8') in 0.001910 seconds 
  Import took 0.005064 seconds .

========================================================================
Received Import Request.
  Time since last request: 4.420994 seconds.
  path: Assets/Prefabs/Bullets/SnakeBite_Bullet.prefab
  artifactKey: Guid(31786191faf72574c8004370348a7ed4) Importer(815301076,1909f56bfc062723c751e8b465ee728b)
Start importing Assets/Prefabs/Bullets/SnakeBite_Bullet.prefab using Guid(31786191faf72574c8004370348a7ed4) Importer(815301076,1909f56bfc062723c751e8b465ee728b)  -> (artifact id: 'eb4e1fe55316aa0fe5d6b84494c18f18') in 0.063096 seconds 
  Import took 0.066554 seconds .

========================================================================
Received Import Request.
  Time since last request: 4.586778 seconds.
  path: Assets/Prefabs/Weapons/SnakeBiteRevolver.prefab
  artifactKey: Guid(9a96a945651f75842812b9fc5803711a) Importer(815301076,1909f56bfc062723c751e8b465ee728b)
Start importing Assets/Prefabs/Weapons/SnakeBiteRevolver.prefab using Guid(9a96a945651f75842812b9fc5803711a) Importer(815301076,1909f56bfc062723c751e8b465ee728b)  -> (artifact id: 'd352626cbc6822b8caa71b86812bb8a8') in 0.010571 seconds 
  Import took 0.014193 seconds .

========================================================================
Received Import Request.
  Time since last request: 19.620118 seconds.
  path: Assets/Prefabs/Bullets/SnakeBite_Bullet.prefab
  artifactKey: Guid(31786191faf72574c8004370348a7ed4) Importer(815301076,1909f56bfc062723c751e8b465ee728b)
Start importing Assets/Prefabs/Bullets/SnakeBite_Bullet.prefab using Guid(31786191faf72574c8004370348a7ed4) Importer(815301076,1909f56bfc062723c751e8b465ee728b)  -> (artifact id: '91a2107a9b68c8d6dcc253dbb77b3ba0') in 0.009206 seconds 
  Import took 0.012731 seconds .

========================================================================
Received Import Request.
  Time since last request: 12.956488 seconds.
  path: Assets/Prefabs/Bullets/SnakeBite_Bullet.prefab
  artifactKey: Guid(31786191faf72574c8004370348a7ed4) Importer(815301076,1909f56bfc062723c751e8b465ee728b)
Start importing Assets/Prefabs/Bullets/SnakeBite_Bullet.prefab using Guid(31786191faf72574c8004370348a7ed4) Importer(815301076,1909f56bfc062723c751e8b465ee728b)  -> (artifact id: '699826df4963d76f51d8706dd6ae3372') in 0.008074 seconds 
  Import took 0.011432 seconds .

========================================================================
Received Import Request.
  Time since last request: 6.467600 seconds.
  path: Assets/Prefabs/Bullets/SnakeBite_Bullet.prefab
  artifactKey: Guid(31786191faf72574c8004370348a7ed4) Importer(815301076,1909f56bfc062723c751e8b465ee728b)
Start importing Assets/Prefabs/Bullets/SnakeBite_Bullet.prefab using Guid(31786191faf72574c8004370348a7ed4) Importer(815301076,1909f56bfc062723c751e8b465ee728b)  -> (artifact id: 'f26659a79a9f90f535b6d4ea97fda24e') in 0.008143 seconds 
  Import took 0.011948 seconds .

========================================================================
Received Import Request.
  Time since last request: 3.624986 seconds.
  path: Assets/Prefabs/Bullets/SnakeBite_Bullet.prefab
  artifactKey: Guid(31786191faf72574c8004370348a7ed4) Importer(815301076,1909f56bfc062723c751e8b465ee728b)
Start importing Assets/Prefabs/Bullets/SnakeBite_Bullet.prefab using Guid(31786191faf72574c8004370348a7ed4) Importer(815301076,1909f56bfc062723c751e8b465ee728b)  -> (artifact id: '60ff441faddaf6d280d6f8d0dd4431f5') in 0.007546 seconds 
  Import took 0.010971 seconds .

========================================================================
Received Import Request.
  Time since last request: 1.081378 seconds.
  path: Assets/Prefabs/Bullets/SnakeBite_Bullet.prefab
  artifactKey: Guid(31786191faf72574c8004370348a7ed4) Importer(815301076,1909f56bfc062723c751e8b465ee728b)
Start importing Assets/Prefabs/Bullets/SnakeBite_Bullet.prefab using Guid(31786191faf72574c8004370348a7ed4) Importer(815301076,1909f56bfc062723c751e8b465ee728b)  -> (artifact id: '9a958538096bdac78ec6f18f5935216b') in 0.008659 seconds 
  Import took 0.012205 seconds .

========================================================================
Received Import Request.
  Time since last request: 3.452361 seconds.
  path: Assets/Prefabs/Bullets/SnakeBite_Bullet.prefab
  artifactKey: Guid(31786191faf72574c8004370348a7ed4) Importer(815301076,1909f56bfc062723c751e8b465ee728b)
Start importing Assets/Prefabs/Bullets/SnakeBite_Bullet.prefab using Guid(31786191faf72574c8004370348a7ed4) Importer(815301076,1909f56bfc062723c751e8b465ee728b)  -> (artifact id: 'a1e2603b7ce0c344001c834491b28aa0') in 0.008512 seconds 
  Import took 0.012043 seconds .

========================================================================
Received Import Request.
  Time since last request: 1.355880 seconds.
  path: Assets/Prefabs/Bullets/SnakeBite_Bullet.prefab
  artifactKey: Guid(31786191faf72574c8004370348a7ed4) Importer(815301076,1909f56bfc062723c751e8b465ee728b)
Start importing Assets/Prefabs/Bullets/SnakeBite_Bullet.prefab using Guid(31786191faf72574c8004370348a7ed4) Importer(815301076,1909f56bfc062723c751e8b465ee728b)  -> (artifact id: '1028e0fc41c6fdf8aba84316f95891de') in 0.008689 seconds 
  Import took 0.012224 seconds .

========================================================================
Received Import Request.
  Time since last request: 5.024012 seconds.
  path: Assets/Prefabs/Bullets/SnakeBite_Bullet.prefab
  artifactKey: Guid(31786191faf72574c8004370348a7ed4) Importer(815301076,1909f56bfc062723c751e8b465ee728b)
Start importing Assets/Prefabs/Bullets/SnakeBite_Bullet.prefab using Guid(31786191faf72574c8004370348a7ed4) Importer(815301076,1909f56bfc062723c751e8b465ee728b)  -> (artifact id: '841cc355ff7eed66b615f0ca2883bd3a') in 0.009111 seconds 
  Import took 0.012470 seconds .

========================================================================
Received Import Request.
  Time since last request: 1.524850 seconds.
  path: Assets/Prefabs/Bullets/SnakeBite_Bullet.prefab
  artifactKey: Guid(31786191faf72574c8004370348a7ed4) Importer(815301076,1909f56bfc062723c751e8b465ee728b)
Start importing Assets/Prefabs/Bullets/SnakeBite_Bullet.prefab using Guid(31786191faf72574c8004370348a7ed4) Importer(815301076,1909f56bfc062723c751e8b465ee728b)  -> (artifact id: '032666ca3b4c378d8a87c0b538605087') in 0.008407 seconds 
  Import took 0.012054 seconds .

========================================================================
Received Import Request.
  Time since last request: 5.254323 seconds.
  path: Assets/Prefabs/Bullets/SnakeBite_Bullet.prefab
  artifactKey: Guid(31786191faf72574c8004370348a7ed4) Importer(815301076,1909f56bfc062723c751e8b465ee728b)
Start importing Assets/Prefabs/Bullets/SnakeBite_Bullet.prefab using Guid(31786191faf72574c8004370348a7ed4) Importer(815301076,1909f56bfc062723c751e8b465ee728b)  -> (artifact id: '3e2fd33e01b918b8f558639b887bf4af') in 0.008135 seconds 
  Import took 0.011729 seconds .

========================================================================
Received Import Request.
  Time since last request: 12.056115 seconds.
  path: Assets/Prefabs/Bullets/SnakeBite_Bullet.prefab
  artifactKey: Guid(31786191faf72574c8004370348a7ed4) Importer(815301076,1909f56bfc062723c751e8b465ee728b)
Start importing Assets/Prefabs/Bullets/SnakeBite_Bullet.prefab using Guid(31786191faf72574c8004370348a7ed4) Importer(815301076,1909f56bfc062723c751e8b465ee728b)  -> (artifact id: '53b0bb8df443cecef2532b92f416d82c') in 0.007456 seconds 
  Import took 0.010799 seconds .

========================================================================
Received Import Request.
  Time since last request: 1.928445 seconds.
  path: Assets/Prefabs/Bullets/SnakeBite_Bullet.prefab
  artifactKey: Guid(31786191faf72574c8004370348a7ed4) Importer(815301076,1909f56bfc062723c751e8b465ee728b)
Start importing Assets/Prefabs/Bullets/SnakeBite_Bullet.prefab using Guid(31786191faf72574c8004370348a7ed4) Importer(815301076,1909f56bfc062723c751e8b465ee728b)  -> (artifact id: '2c5efd7c145219c0f4e769206f9b3e4c') in 0.007783 seconds 
  Import took 0.011473 seconds .

========================================================================
Received Import Request.
  Time since last request: 3.140408 seconds.
  path: Assets/Prefabs/Bullets/SnakeBite_Bullet.prefab
  artifactKey: Guid(31786191faf72574c8004370348a7ed4) Importer(815301076,1909f56bfc062723c751e8b465ee728b)
Start importing Assets/Prefabs/Bullets/SnakeBite_Bullet.prefab using Guid(31786191faf72574c8004370348a7ed4) Importer(815301076,1909f56bfc062723c751e8b465ee728b)  -> (artifact id: '69f6035284e7aafed0ece2e440b4af4f') in 0.008596 seconds 
  Import took 0.012056 seconds .

========================================================================
Received Prepare
Registering precompiled user dll's ...
Registered in 0.005052 seconds.
Begin MonoManager ReloadAssembly
Native extension for WindowsStandalone target not found
Native extension for WebGL target not found
Refreshing native plugins compatible for Editor in 0.68 ms, found 3 plugins.
Preloading 0 native plugins for Editor in 0.00 ms.
Mono: successfully reloaded assembly
- Completed reload, in  0.870 seconds
Domain Reload Profiling:
	ReloadAssembly (871ms)
		BeginReloadAssembly (102ms)
			ExecutionOrderSort (0ms)
			DisableScriptedObjects (5ms)
			BackupInstance (0ms)
			ReleaseScriptingObjects (0ms)
			CreateAndSetChildDomain (33ms)
		EndReloadAssembly (717ms)
			LoadAssemblies (89ms)
			RebuildTransferFunctionScriptingTraits (0ms)
			SetupTypeCache (253ms)
			ReleaseScriptCaches (1ms)
			RebuildScriptCaches (29ms)
			SetupLoadedEditorAssemblies (270ms)
				LogAssemblyErrors (0ms)
				InitializePlatformSupportModulesInManaged (4ms)
				SetLoadedEditorAssemblies (0ms)
				RefreshPlugins (1ms)
				BeforeProcessingInitializeOnLoad (70ms)
				ProcessInitializeOnLoadAttributes (178ms)
				ProcessInitializeOnLoadMethodAttributes (9ms)
				AfterProcessingInitializeOnLoad (7ms)
				EditorAssembliesLoaded (0ms)
			ExecutionOrderSort2 (0ms)
			AwakeInstancesAfterBackupRestoration (7ms)
Platform modules already initialized, skipping
Refreshing native plugins compatible for Editor in 0.57 ms, found 3 plugins.
Preloading 0 native plugins for Editor in 0.00 ms.
Unloading 2529 Unused Serialized files (Serialized files now loaded: 0)
System memory in use before: 113.1 MB.
System memory in use after: 113.3 MB.

Unloading 18 unused Assets to reduce memory usage. Loaded Objects now: 3005.
Total: 2.991000 ms (FindLiveObjects: 0.227000 ms CreateObjectMapping: 0.072300 ms MarkObjects: 2.676600 ms  DeleteObjects: 0.014300 ms)

AssetImportParameters requested are different than current active one (requested -> active):
  custom:framework-win-MediaFoundation: 216162199b28c13a410421893ffa2e32 -> 
  custom:video-decoder-ogg-theora: a1e56fd34408186e4bbccfd4996cb3dc -> 
  custom:container-muxer-webm: aa71ff27fc2769a1b78a27578f13a17b -> 
  custom:container-demuxer-webm: 4f35f7cbe854078d1ac9338744f61a02 -> 
  custom:container-demuxer-ogg: 62fdf1f143b41e24485cea50d1cbac27 -> 
  custom:video-encoder-webm-vp8: eb34c28f22e8b96e1ab97ce403110664 -> 
  custom:video-codec-MediaFoundation-h265: 746d11721c4dcdbdad8f713fa42b33f4 -> 
  custom:video-decoder-webm-vp8: 9c59270c3fd7afecdb556c50c9e8de78 -> 
  custom:audio-decoder-ogg-vorbis: bf7c407c2cedff20999df2af8eb42d56 -> 
  custom:audio-encoder-webm-vorbis: bf7c407c2cedff20999df2af8eb42d56 -> 
========================================================================
Received Import Request.
  Time since last request: 24.537684 seconds.
  path: Assets/Prefabs/Bullets/SnakeBite_Bullet.prefab
  artifactKey: Guid(31786191faf72574c8004370348a7ed4) Importer(815301076,1909f56bfc062723c751e8b465ee728b)
Start importing Assets/Prefabs/Bullets/SnakeBite_Bullet.prefab using Guid(31786191faf72574c8004370348a7ed4) Importer(815301076,1909f56bfc062723c751e8b465ee728b)  -> (artifact id: '9f04680b05798ad5aa5e1aad44da6fa5') in 0.043859 seconds 
  Import took 0.047263 seconds .

========================================================================
Received Import Request.
  Time since last request: 3.519076 seconds.
  path: Assets/Prefabs/Bullets/SnakeBite_Bullet.prefab
  artifactKey: Guid(31786191faf72574c8004370348a7ed4) Importer(815301076,1909f56bfc062723c751e8b465ee728b)
Start importing Assets/Prefabs/Bullets/SnakeBite_Bullet.prefab using Guid(31786191faf72574c8004370348a7ed4) Importer(815301076,1909f56bfc062723c751e8b465ee728b)  -> (artifact id: '5e0ee2e04cd0530549db2c49418b83ab') in 0.008137 seconds 
  Import took 0.011754 seconds .

========================================================================
Received Prepare
Registering precompiled user dll's ...
Registered in 0.004824 seconds.
Begin MonoManager ReloadAssembly
Native extension for WindowsStandalone target not found
Native extension for WebGL target not found
Refreshing native plugins compatible for Editor in 0.59 ms, found 3 plugins.
Preloading 0 native plugins for Editor in 0.00 ms.
Mono: successfully reloaded assembly
- Completed reload, in  0.855 seconds
Domain Reload Profiling:
	ReloadAssembly (855ms)
		BeginReloadAssembly (106ms)
			ExecutionOrderSort (0ms)
			DisableScriptedObjects (5ms)
			BackupInstance (0ms)
			ReleaseScriptingObjects (0ms)
			CreateAndSetChildDomain (34ms)
		EndReloadAssembly (696ms)
			LoadAssemblies (87ms)
			RebuildTransferFunctionScriptingTraits (0ms)
			SetupTypeCache (225ms)
			ReleaseScriptCaches (1ms)
			RebuildScriptCaches (29ms)
			SetupLoadedEditorAssemblies (282ms)
				LogAssemblyErrors (0ms)
				InitializePlatformSupportModulesInManaged (4ms)
				SetLoadedEditorAssemblies (0ms)
				RefreshPlugins (1ms)
				BeforeProcessingInitializeOnLoad (71ms)
				ProcessInitializeOnLoadAttributes (189ms)
				ProcessInitializeOnLoadMethodAttributes (9ms)
				AfterProcessingInitializeOnLoad (8ms)
				EditorAssembliesLoaded (0ms)
			ExecutionOrderSort2 (0ms)
			AwakeInstancesAfterBackupRestoration (7ms)
Platform modules already initialized, skipping
Refreshing native plugins compatible for Editor in 0.58 ms, found 3 plugins.
Preloading 0 native plugins for Editor in 0.00 ms.
Unloading 2529 Unused Serialized files (Serialized files now loaded: 0)
System memory in use before: 113.0 MB.
System memory in use after: 113.2 MB.

Unloading 18 unused Assets to reduce memory usage. Loaded Objects now: 3008.
Total: 3.681800 ms (FindLiveObjects: 0.282300 ms CreateObjectMapping: 0.166300 ms MarkObjects: 3.215800 ms  DeleteObjects: 0.016700 ms)

AssetImportParameters requested are different than current active one (requested -> active):
  custom:framework-win-MediaFoundation: 216162199b28c13a410421893ffa2e32 -> 
  custom:video-decoder-ogg-theora: a1e56fd34408186e4bbccfd4996cb3dc -> 
  custom:container-muxer-webm: aa71ff27fc2769a1b78a27578f13a17b -> 
  custom:container-demuxer-webm: 4f35f7cbe854078d1ac9338744f61a02 -> 
  custom:container-demuxer-ogg: 62fdf1f143b41e24485cea50d1cbac27 -> 
  custom:video-encoder-webm-vp8: eb34c28f22e8b96e1ab97ce403110664 -> 
  custom:video-codec-MediaFoundation-h265: 746d11721c4dcdbdad8f713fa42b33f4 -> 
  custom:video-decoder-webm-vp8: 9c59270c3fd7afecdb556c50c9e8de78 -> 
  custom:audio-decoder-ogg-vorbis: bf7c407c2cedff20999df2af8eb42d56 -> 
  custom:audio-encoder-webm-vorbis: bf7c407c2cedff20999df2af8eb42d56 -> 
========================================================================
Received Import Request.
  Time since last request: 19.102460 seconds.
  path: Assets/Prefabs/Bullets/SnakeBite_Bullet.prefab
  artifactKey: Guid(31786191faf72574c8004370348a7ed4) Importer(815301076,1909f56bfc062723c751e8b465ee728b)
Start importing Assets/Prefabs/Bullets/SnakeBite_Bullet.prefab using Guid(31786191faf72574c8004370348a7ed4) Importer(815301076,1909f56bfc062723c751e8b465ee728b)  -> (artifact id: 'fce6362b83b1ebd6ddf40a3b31ccf5ec') in 0.045251 seconds 
  Import took 0.048768 seconds .

========================================================================
Received Import Request.
  Time since last request: 8.252636 seconds.
  path: Assets/Prefabs/Bullets/SnakeBite_Bullet.prefab
  artifactKey: Guid(31786191faf72574c8004370348a7ed4) Importer(815301076,1909f56bfc062723c751e8b465ee728b)
Start importing Assets/Prefabs/Bullets/SnakeBite_Bullet.prefab using Guid(31786191faf72574c8004370348a7ed4) Importer(815301076,1909f56bfc062723c751e8b465ee728b)  -> (artifact id: '28f6ee7a32149f05610e76f994b85281') in 0.007927 seconds 
  Import took 0.011886 seconds .

========================================================================
Received Prepare
Registering precompiled user dll's ...
Registered in 0.004994 seconds.
Begin MonoManager ReloadAssembly
Native extension for WindowsStandalone target not found
Native extension for WebGL target not found
Refreshing native plugins compatible for Editor in 0.58 ms, found 3 plugins.
Preloading 0 native plugins for Editor in 0.00 ms.
Mono: successfully reloaded assembly
- Completed reload, in  0.860 seconds
Domain Reload Profiling:
	ReloadAssembly (861ms)
		BeginReloadAssembly (114ms)
			ExecutionOrderSort (0ms)
			DisableScriptedObjects (5ms)
			BackupInstance (0ms)
			ReleaseScriptingObjects (0ms)
			CreateAndSetChildDomain (33ms)
		EndReloadAssembly (695ms)
			LoadAssemblies (83ms)
			RebuildTransferFunctionScriptingTraits (0ms)
			SetupTypeCache (225ms)
			ReleaseScriptCaches (1ms)
			RebuildScriptCaches (28ms)
			SetupLoadedEditorAssemblies (276ms)
				LogAssemblyErrors (0ms)
				InitializePlatformSupportModulesInManaged (4ms)
				SetLoadedEditorAssemblies (0ms)
				RefreshPlugins (1ms)
				BeforeProcessingInitializeOnLoad (71ms)
				ProcessInitializeOnLoadAttributes (183ms)
				ProcessInitializeOnLoadMethodAttributes (9ms)
				AfterProcessingInitializeOnLoad (8ms)
				EditorAssembliesLoaded (0ms)
			ExecutionOrderSort2 (0ms)
			AwakeInstancesAfterBackupRestoration (7ms)
Platform modules already initialized, skipping
Refreshing native plugins compatible for Editor in 0.59 ms, found 3 plugins.
Preloading 0 native plugins for Editor in 0.00 ms.
Unloading 2529 Unused Serialized files (Serialized files now loaded: 0)
System memory in use before: 113.1 MB.
System memory in use after: 113.3 MB.

Unloading 18 unused Assets to reduce memory usage. Loaded Objects now: 3011.
Total: 3.048200 ms (FindLiveObjects: 0.237400 ms CreateObjectMapping: 0.135800 ms MarkObjects: 2.657600 ms  DeleteObjects: 0.016500 ms)

AssetImportParameters requested are different than current active one (requested -> active):
  custom:framework-win-MediaFoundation: 216162199b28c13a410421893ffa2e32 -> 
  custom:video-decoder-ogg-theora: a1e56fd34408186e4bbccfd4996cb3dc -> 
  custom:container-muxer-webm: aa71ff27fc2769a1b78a27578f13a17b -> 
  custom:container-demuxer-webm: 4f35f7cbe854078d1ac9338744f61a02 -> 
  custom:container-demuxer-ogg: 62fdf1f143b41e24485cea50d1cbac27 -> 
  custom:video-encoder-webm-vp8: eb34c28f22e8b96e1ab97ce403110664 -> 
  custom:video-codec-MediaFoundation-h265: 746d11721c4dcdbdad8f713fa42b33f4 -> 
  custom:video-decoder-webm-vp8: 9c59270c3fd7afecdb556c50c9e8de78 -> 
  custom:audio-decoder-ogg-vorbis: bf7c407c2cedff20999df2af8eb42d56 -> 
  custom:audio-encoder-webm-vorbis: bf7c407c2cedff20999df2af8eb42d56 -> 
========================================================================
Received Import Request.
  Time since last request: 22.945237 seconds.
  path: Assets/Prefabs/Bullets/SnakeBite_Bullet.prefab
  artifactKey: Guid(31786191faf72574c8004370348a7ed4) Importer(815301076,1909f56bfc062723c751e8b465ee728b)
Start importing Assets/Prefabs/Bullets/SnakeBite_Bullet.prefab using Guid(31786191faf72574c8004370348a7ed4) Importer(815301076,1909f56bfc062723c751e8b465ee728b)  -> (artifact id: '58f235de2681b986272d01a751477e4a') in 0.046082 seconds 
  Import took 0.049559 seconds .

========================================================================
Received Prepare
Registering precompiled user dll's ...
Registered in 0.007527 seconds.
Begin MonoManager ReloadAssembly
Native extension for WindowsStandalone target not found
Native extension for WebGL target not found
Refreshing native plugins compatible for Editor in 0.58 ms, found 3 plugins.
Preloading 0 native plugins for Editor in 0.00 ms.
Mono: successfully reloaded assembly
- Completed reload, in  0.855 seconds
Domain Reload Profiling:
	ReloadAssembly (856ms)
		BeginReloadAssembly (112ms)
			ExecutionOrderSort (0ms)
			DisableScriptedObjects (5ms)
			BackupInstance (0ms)
			ReleaseScriptingObjects (0ms)
			CreateAndSetChildDomain (33ms)
		EndReloadAssembly (692ms)
			LoadAssemblies (85ms)
			RebuildTransferFunctionScriptingTraits (0ms)
			SetupTypeCache (220ms)
			ReleaseScriptCaches (1ms)
			RebuildScriptCaches (30ms)
			SetupLoadedEditorAssemblies (283ms)
				LogAssemblyErrors (0ms)
				InitializePlatformSupportModulesInManaged (4ms)
				SetLoadedEditorAssemblies (0ms)
				RefreshPlugins (1ms)
				BeforeProcessingInitializeOnLoad (71ms)
				ProcessInitializeOnLoadAttributes (186ms)
				ProcessInitializeOnLoadMethodAttributes (13ms)
				AfterProcessingInitializeOnLoad (8ms)
				EditorAssembliesLoaded (0ms)
			ExecutionOrderSort2 (0ms)
			AwakeInstancesAfterBackupRestoration (7ms)
Platform modules already initialized, skipping
Refreshing native plugins compatible for Editor in 0.57 ms, found 3 plugins.
Preloading 0 native plugins for Editor in 0.00 ms.
Unloading 2529 Unused Serialized files (Serialized files now loaded: 0)
System memory in use before: 113.1 MB.
System memory in use after: 113.3 MB.

Unloading 18 unused Assets to reduce memory usage. Loaded Objects now: 3014.
Total: 3.073900 ms (FindLiveObjects: 0.235500 ms CreateObjectMapping: 0.066600 ms MarkObjects: 2.756200 ms  DeleteObjects: 0.014900 ms)

AssetImportParameters requested are different than current active one (requested -> active):
  custom:framework-win-MediaFoundation: 216162199b28c13a410421893ffa2e32 -> 
  custom:video-decoder-ogg-theora: a1e56fd34408186e4bbccfd4996cb3dc -> 
  custom:container-muxer-webm: aa71ff27fc2769a1b78a27578f13a17b -> 
  custom:container-demuxer-webm: 4f35f7cbe854078d1ac9338744f61a02 -> 
  custom:container-demuxer-ogg: 62fdf1f143b41e24485cea50d1cbac27 -> 
  custom:video-encoder-webm-vp8: eb34c28f22e8b96e1ab97ce403110664 -> 
  custom:video-codec-MediaFoundation-h265: 746d11721c4dcdbdad8f713fa42b33f4 -> 
  custom:video-decoder-webm-vp8: 9c59270c3fd7afecdb556c50c9e8de78 -> 
  custom:audio-decoder-ogg-vorbis: bf7c407c2cedff20999df2af8eb42d56 -> 
  custom:audio-encoder-webm-vorbis: bf7c407c2cedff20999df2af8eb42d56 -> 
========================================================================
Received Import Request.
  Time since last request: 142.042611 seconds.
  path: Assets/Sprites/Bullet.png
  artifactKey: Guid(3fe8aedb22385104c9b48587362d30c2) Importer(815301076,1909f56bfc062723c751e8b465ee728b)
Start importing Assets/Sprites/Bullet.png using Guid(3fe8aedb22385104c9b48587362d30c2) Importer(815301076,1909f56bfc062723c751e8b465ee728b)  -> (artifact id: '3062ca15ba6a819cad0bdc6273677cd4') in 0.069687 seconds 
  Import took 0.073179 seconds .

========================================================================
Received Prepare
Registering precompiled user dll's ...
Registered in 0.005510 seconds.
Begin MonoManager ReloadAssembly
Native extension for WindowsStandalone target not found
Native extension for WebGL target not found
Refreshing native plugins compatible for Editor in 0.67 ms, found 3 plugins.
Preloading 0 native plugins for Editor in 0.00 ms.
Mono: successfully reloaded assembly
- Completed reload, in  0.864 seconds
Domain Reload Profiling:
	ReloadAssembly (864ms)
		BeginReloadAssembly (114ms)
			ExecutionOrderSort (0ms)
			DisableScriptedObjects (5ms)
			BackupInstance (0ms)
			ReleaseScriptingObjects (0ms)
			CreateAndSetChildDomain (38ms)
		EndReloadAssembly (697ms)
			LoadAssemblies (88ms)
			RebuildTransferFunctionScriptingTraits (0ms)
			SetupTypeCache (227ms)
			ReleaseScriptCaches (1ms)
			RebuildScriptCaches (29ms)
			SetupLoadedEditorAssemblies (279ms)
				LogAssemblyErrors (0ms)
				InitializePlatformSupportModulesInManaged (4ms)
				SetLoadedEditorAssemblies (0ms)
				RefreshPlugins (1ms)
				BeforeProcessingInitializeOnLoad (72ms)
				ProcessInitializeOnLoadAttributes (184ms)
				ProcessInitializeOnLoadMethodAttributes (8ms)
				AfterProcessingInitializeOnLoad (8ms)
				EditorAssembliesLoaded (0ms)
			ExecutionOrderSort2 (0ms)
			AwakeInstancesAfterBackupRestoration (7ms)
Platform modules already initialized, skipping
Refreshing native plugins compatible for Editor in 0.60 ms, found 3 plugins.
Preloading 0 native plugins for Editor in 0.00 ms.
Unloading 2529 Unused Serialized files (Serialized files now loaded: 0)
System memory in use before: 113.1 MB.
System memory in use after: 113.4 MB.

Unloading 18 unused Assets to reduce memory usage. Loaded Objects now: 3019.
Total: 3.149600 ms (FindLiveObjects: 0.242400 ms CreateObjectMapping: 0.117000 ms MarkObjects: 2.774200 ms  DeleteObjects: 0.015200 ms)

AssetImportParameters requested are different than current active one (requested -> active):
  custom:framework-win-MediaFoundation: 216162199b28c13a410421893ffa2e32 -> 
  custom:video-decoder-ogg-theora: a1e56fd34408186e4bbccfd4996cb3dc -> 
  custom:container-muxer-webm: aa71ff27fc2769a1b78a27578f13a17b -> 
  custom:container-demuxer-webm: 4f35f7cbe854078d1ac9338744f61a02 -> 
  custom:container-demuxer-ogg: 62fdf1f143b41e24485cea50d1cbac27 -> 
  custom:video-encoder-webm-vp8: eb34c28f22e8b96e1ab97ce403110664 -> 
  custom:video-codec-MediaFoundation-h265: 746d11721c4dcdbdad8f713fa42b33f4 -> 
  custom:video-decoder-webm-vp8: 9c59270c3fd7afecdb556c50c9e8de78 -> 
  custom:audio-decoder-ogg-vorbis: bf7c407c2cedff20999df2af8eb42d56 -> 
  custom:audio-encoder-webm-vorbis: bf7c407c2cedff20999df2af8eb42d56 -> 
========================================================================
Received Prepare
Registering precompiled user dll's ...
Registered in 0.004930 seconds.
Begin MonoManager ReloadAssembly
Native extension for WindowsStandalone target not found
Native extension for WebGL target not found
Refreshing native plugins compatible for Editor in 0.63 ms, found 3 plugins.
Preloading 0 native plugins for Editor in 0.00 ms.
Mono: successfully reloaded assembly
- Completed reload, in  0.884 seconds
Domain Reload Profiling:
	ReloadAssembly (885ms)
		BeginReloadAssembly (114ms)
			ExecutionOrderSort (0ms)
			DisableScriptedObjects (5ms)
			BackupInstance (0ms)
			ReleaseScriptingObjects (0ms)
			CreateAndSetChildDomain (34ms)
		EndReloadAssembly (720ms)
			LoadAssemblies (82ms)
			RebuildTransferFunctionScriptingTraits (0ms)
			SetupTypeCache (232ms)
			ReleaseScriptCaches (1ms)
			RebuildScriptCaches (29ms)
			SetupLoadedEditorAssemblies (295ms)
				LogAssemblyErrors (0ms)
				InitializePlatformSupportModulesInManaged (4ms)
				SetLoadedEditorAssemblies (0ms)
				RefreshPlugins (1ms)
				BeforeProcessingInitializeOnLoad (75ms)
				ProcessInitializeOnLoadAttributes (197ms)
				ProcessInitializeOnLoadMethodAttributes (9ms)
				AfterProcessingInitializeOnLoad (8ms)
				EditorAssembliesLoaded (0ms)
			ExecutionOrderSort2 (0ms)
			AwakeInstancesAfterBackupRestoration (8ms)
Platform modules already initialized, skipping
Refreshing native plugins compatible for Editor in 0.63 ms, found 3 plugins.
Preloading 0 native plugins for Editor in 0.00 ms.
Unloading 2529 Unused Serialized files (Serialized files now loaded: 0)
System memory in use before: 113.2 MB.
System memory in use after: 113.4 MB.

Unloading 18 unused Assets to reduce memory usage. Loaded Objects now: 3021.
Total: 3.642100 ms (FindLiveObjects: 0.215100 ms CreateObjectMapping: 0.070200 ms MarkObjects: 3.303400 ms  DeleteObjects: 0.052000 ms)

AssetImportParameters requested are different than current active one (requested -> active):
  custom:framework-win-MediaFoundation: 216162199b28c13a410421893ffa2e32 -> 
  custom:video-decoder-ogg-theora: a1e56fd34408186e4bbccfd4996cb3dc -> 
  custom:container-muxer-webm: aa71ff27fc2769a1b78a27578f13a17b -> 
  custom:container-demuxer-webm: 4f35f7cbe854078d1ac9338744f61a02 -> 
  custom:container-demuxer-ogg: 62fdf1f143b41e24485cea50d1cbac27 -> 
  custom:video-encoder-webm-vp8: eb34c28f22e8b96e1ab97ce403110664 -> 
  custom:video-codec-MediaFoundation-h265: 746d11721c4dcdbdad8f713fa42b33f4 -> 
  custom:video-decoder-webm-vp8: 9c59270c3fd7afecdb556c50c9e8de78 -> 
  custom:audio-decoder-ogg-vorbis: bf7c407c2cedff20999df2af8eb42d56 -> 
  custom:audio-encoder-webm-vorbis: bf7c407c2cedff20999df2af8eb42d56 -> 
========================================================================
Received Import Request.
  Time since last request: 211.507776 seconds.
  path: Assets/Prefabs/Bullets/SnakeBite_Bullet.prefab
  artifactKey: Guid(31786191faf72574c8004370348a7ed4) Importer(815301076,1909f56bfc062723c751e8b465ee728b)
Start importing Assets/Prefabs/Bullets/SnakeBite_Bullet.prefab using Guid(31786191faf72574c8004370348a7ed4) Importer(815301076,1909f56bfc062723c751e8b465ee728b)  -> (artifact id: 'a363d0ad4f2bc2ec5b7ba257524e05c7') in 0.045268 seconds 
  Import took 0.049251 seconds .

========================================================================
Received Prepare
Registering precompiled user dll's ...
Registered in 0.005092 seconds.
Begin MonoManager ReloadAssembly
Native extension for WindowsStandalone target not found
Native extension for WebGL target not found
Refreshing native plugins compatible for Editor in 0.57 ms, found 3 plugins.
Preloading 0 native plugins for Editor in 0.00 ms.
Mono: successfully reloaded assembly
- Completed reload, in  0.837 seconds
Domain Reload Profiling:
	ReloadAssembly (837ms)
		BeginReloadAssembly (108ms)
			ExecutionOrderSort (0ms)
			DisableScriptedObjects (4ms)
			BackupInstance (0ms)
			ReleaseScriptingObjects (0ms)
			CreateAndSetChildDomain (34ms)
		EndReloadAssembly (677ms)
			LoadAssemblies (82ms)
			RebuildTransferFunctionScriptingTraits (0ms)
			SetupTypeCache (218ms)
			ReleaseScriptCaches (1ms)
			RebuildScriptCaches (30ms)
			SetupLoadedEditorAssemblies (273ms)
				LogAssemblyErrors (0ms)
				InitializePlatformSupportModulesInManaged (4ms)
				SetLoadedEditorAssemblies (0ms)
				RefreshPlugins (1ms)
				BeforeProcessingInitializeOnLoad (69ms)
				ProcessInitializeOnLoadAttributes (182ms)
				ProcessInitializeOnLoadMethodAttributes (9ms)
				AfterProcessingInitializeOnLoad (7ms)
				EditorAssembliesLoaded (0ms)
			ExecutionOrderSort2 (0ms)
			AwakeInstancesAfterBackupRestoration (7ms)
Platform modules already initialized, skipping
Refreshing native plugins compatible for Editor in 0.77 ms, found 3 plugins.
Preloading 0 native plugins for Editor in 0.00 ms.
Unloading 2529 Unused Serialized files (Serialized files now loaded: 0)
System memory in use before: 113.1 MB.
System memory in use after: 113.3 MB.

Unloading 18 unused Assets to reduce memory usage. Loaded Objects now: 3024.
Total: 4.147300 ms (FindLiveObjects: 0.733200 ms CreateObjectMapping: 0.125400 ms MarkObjects: 3.258500 ms  DeleteObjects: 0.028500 ms)

AssetImportParameters requested are different than current active one (requested -> active):
  custom:framework-win-MediaFoundation: 216162199b28c13a410421893ffa2e32 -> 
  custom:video-decoder-ogg-theora: a1e56fd34408186e4bbccfd4996cb3dc -> 
  custom:container-muxer-webm: aa71ff27fc2769a1b78a27578f13a17b -> 
  custom:container-demuxer-webm: 4f35f7cbe854078d1ac9338744f61a02 -> 
  custom:container-demuxer-ogg: 62fdf1f143b41e24485cea50d1cbac27 -> 
  custom:video-encoder-webm-vp8: eb34c28f22e8b96e1ab97ce403110664 -> 
  custom:video-codec-MediaFoundation-h265: 746d11721c4dcdbdad8f713fa42b33f4 -> 
  custom:video-decoder-webm-vp8: 9c59270c3fd7afecdb556c50c9e8de78 -> 
  custom:audio-decoder-ogg-vorbis: bf7c407c2cedff20999df2af8eb42d56 -> 
  custom:audio-encoder-webm-vorbis: bf7c407c2cedff20999df2af8eb42d56 -> 
========================================================================
Received Import Request.
  Time since last request: 12.807715 seconds.
  path: Assets/Prefabs/Bullets/SnakeBite_Bullet.prefab
  artifactKey: Guid(31786191faf72574c8004370348a7ed4) Importer(815301076,1909f56bfc062723c751e8b465ee728b)
Start importing Assets/Prefabs/Bullets/SnakeBite_Bullet.prefab using Guid(31786191faf72574c8004370348a7ed4) Importer(815301076,1909f56bfc062723c751e8b465ee728b)  -> (artifact id: '5378828d7ce1971954802bac8f9b3fd0') in 0.046243 seconds 
  Import took 0.050514 seconds .

========================================================================
Received Import Request.
  Time since last request: 5.271692 seconds.
  path: Assets/Prefabs/Bullets/SnakeBite_Bullet.prefab
  artifactKey: Guid(31786191faf72574c8004370348a7ed4) Importer(815301076,1909f56bfc062723c751e8b465ee728b)
Start importing Assets/Prefabs/Bullets/SnakeBite_Bullet.prefab using Guid(31786191faf72574c8004370348a7ed4) Importer(815301076,1909f56bfc062723c751e8b465ee728b)  -> (artifact id: '90883975c2235133b537a21b2e9c781e') in 0.008306 seconds 
  Import took 0.011717 seconds .

========================================================================
Received Import Request.
  Time since last request: 3.259715 seconds.
  path: Assets/Prefabs/Bullets/SnakeBite_Bullet.prefab
  artifactKey: Guid(31786191faf72574c8004370348a7ed4) Importer(815301076,1909f56bfc062723c751e8b465ee728b)
Start importing Assets/Prefabs/Bullets/SnakeBite_Bullet.prefab using Guid(31786191faf72574c8004370348a7ed4) Importer(815301076,1909f56bfc062723c751e8b465ee728b)  -> (artifact id: '2b92c85b499de7aa70a180733834b4ee') in 0.009645 seconds 
  Import took 0.013302 seconds .

========================================================================
Received Import Request.
  Time since last request: 10.239129 seconds.
  path: Assets/Prefabs/Bullets/SnakeBite_Bullet.prefab
  artifactKey: Guid(31786191faf72574c8004370348a7ed4) Importer(815301076,1909f56bfc062723c751e8b465ee728b)
Start importing Assets/Prefabs/Bullets/SnakeBite_Bullet.prefab using Guid(31786191faf72574c8004370348a7ed4) Importer(815301076,1909f56bfc062723c751e8b465ee728b)  -> (artifact id: '8658095dcbf4ec2f5b9f2339b6769d3c') in 0.007675 seconds 
  Import took 0.011202 seconds .

========================================================================
Received Import Request.
  Time since last request: 23.273403 seconds.
  path: Assets/Prefabs/Bullets/SnakeBite_Bullet.prefab
  artifactKey: Guid(31786191faf72574c8004370348a7ed4) Importer(815301076,1909f56bfc062723c751e8b465ee728b)
Start importing Assets/Prefabs/Bullets/SnakeBite_Bullet.prefab using Guid(31786191faf72574c8004370348a7ed4) Importer(815301076,1909f56bfc062723c751e8b465ee728b)  -> (artifact id: '72578e42835537facfacead6602d0e5f') in 0.008373 seconds 
  Import took 0.012060 seconds .

========================================================================
Received Import Request.
  Time since last request: 9.464824 seconds.
  path: Assets/Prefabs/Bullets/SnakeBite_Bullet.prefab
  artifactKey: Guid(31786191faf72574c8004370348a7ed4) Importer(815301076,1909f56bfc062723c751e8b465ee728b)
Start importing Assets/Prefabs/Bullets/SnakeBite_Bullet.prefab using Guid(31786191faf72574c8004370348a7ed4) Importer(815301076,1909f56bfc062723c751e8b465ee728b)  -> (artifact id: 'a39833d1176e2450ce99832457265fd8') in 0.008701 seconds 
  Import took 0.012059 seconds .

========================================================================
Received Import Request.
  Time since last request: 13.132861 seconds.
  path: Assets/Prefabs/Bullets/SnakeBite_Bullet.prefab
  artifactKey: Guid(31786191faf72574c8004370348a7ed4) Importer(815301076,1909f56bfc062723c751e8b465ee728b)
Start importing Assets/Prefabs/Bullets/SnakeBite_Bullet.prefab using Guid(31786191faf72574c8004370348a7ed4) Importer(815301076,1909f56bfc062723c751e8b465ee728b)  -> (artifact id: 'c7d93c0b8c05d547ed486ff8f3462287') in 0.007519 seconds 
  Import took 0.011114 seconds .

========================================================================
Received Import Request.
  Time since last request: 7.857683 seconds.
  path: Assets/Prefabs/Bullets/SnakeBite_Bullet.prefab
  artifactKey: Guid(31786191faf72574c8004370348a7ed4) Importer(815301076,1909f56bfc062723c751e8b465ee728b)
Start importing Assets/Prefabs/Bullets/SnakeBite_Bullet.prefab using Guid(31786191faf72574c8004370348a7ed4) Importer(815301076,1909f56bfc062723c751e8b465ee728b)  -> (artifact id: '540bbc68cde5919b81326f7f5933855d') in 0.008111 seconds 
  Import took 0.011577 seconds .

========================================================================
Received Import Request.
  Time since last request: 4.205403 seconds.
  path: Assets/Prefabs/Bullets/SnakeBite_Bullet.prefab
  artifactKey: Guid(31786191faf72574c8004370348a7ed4) Importer(815301076,1909f56bfc062723c751e8b465ee728b)
Start importing Assets/Prefabs/Bullets/SnakeBite_Bullet.prefab using Guid(31786191faf72574c8004370348a7ed4) Importer(815301076,1909f56bfc062723c751e8b465ee728b)  -> (artifact id: '6774924819e0ca97b4fa00ca813b1ab5') in 0.008723 seconds 
  Import took 0.012114 seconds .

========================================================================
Received Import Request.
  Time since last request: 3.957919 seconds.
  path: Assets/Prefabs/Bullets/SnakeBite_Bullet.prefab
  artifactKey: Guid(31786191faf72574c8004370348a7ed4) Importer(815301076,1909f56bfc062723c751e8b465ee728b)
Start importing Assets/Prefabs/Bullets/SnakeBite_Bullet.prefab using Guid(31786191faf72574c8004370348a7ed4) Importer(815301076,1909f56bfc062723c751e8b465ee728b)  -> (artifact id: '2d833382ed20ed141f75f95b96f5cc76') in 0.008984 seconds 
  Import took 0.012372 seconds .

========================================================================
Received Import Request.
  Time since last request: 9.173957 seconds.
  path: Assets/Prefabs/Bullets/SnakeBite_Bullet.prefab
  artifactKey: Guid(31786191faf72574c8004370348a7ed4) Importer(815301076,1909f56bfc062723c751e8b465ee728b)
Start importing Assets/Prefabs/Bullets/SnakeBite_Bullet.prefab using Guid(31786191faf72574c8004370348a7ed4) Importer(815301076,1909f56bfc062723c751e8b465ee728b)  -> (artifact id: '0a2d08f9214c4a9adc084db428f29961') in 0.008491 seconds 
  Import took 0.012143 seconds .

========================================================================
Received Import Request.
  Time since last request: 19.024670 seconds.
  path: Assets/Prefabs/Bullets/SnakeBite_Bullet.prefab
  artifactKey: Guid(31786191faf72574c8004370348a7ed4) Importer(815301076,1909f56bfc062723c751e8b465ee728b)
Start importing Assets/Prefabs/Bullets/SnakeBite_Bullet.prefab using Guid(31786191faf72574c8004370348a7ed4) Importer(815301076,1909f56bfc062723c751e8b465ee728b)  -> (artifact id: '1971b262d07830e48c50f2be57d15a4d') in 0.008474 seconds 
  Import took 0.011963 seconds .

========================================================================
Received Import Request.
  Time since last request: 15.484546 seconds.
  path: Assets/Prefabs/Bullets/SnakeBite_Bullet.prefab
  artifactKey: Guid(31786191faf72574c8004370348a7ed4) Importer(815301076,1909f56bfc062723c751e8b465ee728b)
Start importing Assets/Prefabs/Bullets/SnakeBite_Bullet.prefab using Guid(31786191faf72574c8004370348a7ed4) Importer(815301076,1909f56bfc062723c751e8b465ee728b)  -> (artifact id: '1b631179b483046b3f798c834bc14e16') in 0.008404 seconds 
  Import took 0.011900 seconds .

========================================================================
Received Prepare
Registering precompiled user dll's ...
Registered in 0.004900 seconds.
Begin MonoManager ReloadAssembly
Native extension for WindowsStandalone target not found
Native extension for WebGL target not found
Refreshing native plugins compatible for Editor in 0.57 ms, found 3 plugins.
Preloading 0 native plugins for Editor in 0.00 ms.
Mono: successfully reloaded assembly
- Completed reload, in  0.830 seconds
Domain Reload Profiling:
	ReloadAssembly (831ms)
		BeginReloadAssembly (103ms)
			ExecutionOrderSort (0ms)
			DisableScriptedObjects (5ms)
			BackupInstance (0ms)
			ReleaseScriptingObjects (0ms)
			CreateAndSetChildDomain (32ms)
		EndReloadAssembly (677ms)
			LoadAssemblies (81ms)
			RebuildTransferFunctionScriptingTraits (0ms)
			SetupTypeCache (219ms)
			ReleaseScriptCaches (1ms)
			RebuildScriptCaches (28ms)
			SetupLoadedEditorAssemblies (275ms)
				LogAssemblyErrors (0ms)
				InitializePlatformSupportModulesInManaged (4ms)
				SetLoadedEditorAssemblies (0ms)
				RefreshPlugins (1ms)
				BeforeProcessingInitializeOnLoad (70ms)
				ProcessInitializeOnLoadAttributes (184ms)
				ProcessInitializeOnLoadMethodAttributes (8ms)
				AfterProcessingInitializeOnLoad (7ms)
				EditorAssembliesLoaded (0ms)
			ExecutionOrderSort2 (0ms)
			AwakeInstancesAfterBackupRestoration (7ms)
Platform modules already initialized, skipping
Refreshing native plugins compatible for Editor in 0.58 ms, found 3 plugins.
Preloading 0 native plugins for Editor in 0.00 ms.
Unloading 2529 Unused Serialized files (Serialized files now loaded: 0)
System memory in use before: 113.2 MB.
System memory in use after: 113.4 MB.

Unloading 18 unused Assets to reduce memory usage. Loaded Objects now: 3027.
Total: 3.372700 ms (FindLiveObjects: 0.276500 ms CreateObjectMapping: 0.110600 ms MarkObjects: 2.969200 ms  DeleteObjects: 0.015000 ms)

AssetImportParameters requested are different than current active one (requested -> active):
  custom:framework-win-MediaFoundation: 216162199b28c13a410421893ffa2e32 -> 
  custom:video-decoder-ogg-theora: a1e56fd34408186e4bbccfd4996cb3dc -> 
  custom:container-muxer-webm: aa71ff27fc2769a1b78a27578f13a17b -> 
  custom:container-demuxer-webm: 4f35f7cbe854078d1ac9338744f61a02 -> 
  custom:container-demuxer-ogg: 62fdf1f143b41e24485cea50d1cbac27 -> 
  custom:video-encoder-webm-vp8: eb34c28f22e8b96e1ab97ce403110664 -> 
  custom:video-codec-MediaFoundation-h265: 746d11721c4dcdbdad8f713fa42b33f4 -> 
  custom:video-decoder-webm-vp8: 9c59270c3fd7afecdb556c50c9e8de78 -> 
  custom:audio-decoder-ogg-vorbis: bf7c407c2cedff20999df2af8eb42d56 -> 
  custom:audio-encoder-webm-vorbis: bf7c407c2cedff20999df2af8eb42d56 -> 
========================================================================
Received Import Request.
  Time since last request: 15.567362 seconds.
  path: Assets/Prefabs/Bullets/SnakeBite_Bullet.prefab
  artifactKey: Guid(31786191faf72574c8004370348a7ed4) Importer(815301076,1909f56bfc062723c751e8b465ee728b)
Start importing Assets/Prefabs/Bullets/SnakeBite_Bullet.prefab using Guid(31786191faf72574c8004370348a7ed4) Importer(815301076,1909f56bfc062723c751e8b465ee728b)  -> (artifact id: 'fdd996ac1e1afede867f772fb41fac4f') in 0.045434 seconds 
  Import took 0.048803 seconds .

========================================================================
Received Prepare
Registering precompiled user dll's ...
Registered in 0.004759 seconds.
Begin MonoManager ReloadAssembly
Native extension for WindowsStandalone target not found
Native extension for WebGL target not found
Refreshing native plugins compatible for Editor in 0.57 ms, found 3 plugins.
Preloading 0 native plugins for Editor in 0.00 ms.
Mono: successfully reloaded assembly
- Completed reload, in  0.829 seconds
Domain Reload Profiling:
	ReloadAssembly (829ms)
		BeginReloadAssembly (105ms)
			ExecutionOrderSort (0ms)
			DisableScriptedObjects (4ms)
			BackupInstance (0ms)
			ReleaseScriptingObjects (0ms)
			CreateAndSetChildDomain (32ms)
		EndReloadAssembly (673ms)
			LoadAssemblies (81ms)
			RebuildTransferFunctionScriptingTraits (0ms)
			SetupTypeCache (222ms)
			ReleaseScriptCaches (1ms)
			RebuildScriptCaches (28ms)
			SetupLoadedEditorAssemblies (267ms)
				LogAssemblyErrors (0ms)
				InitializePlatformSupportModulesInManaged (4ms)
				SetLoadedEditorAssemblies (0ms)
				RefreshPlugins (1ms)
				BeforeProcessingInitializeOnLoad (69ms)
				ProcessInitializeOnLoadAttributes (177ms)
				ProcessInitializeOnLoadMethodAttributes (8ms)
				AfterProcessingInitializeOnLoad (7ms)
				EditorAssembliesLoaded (0ms)
			ExecutionOrderSort2 (0ms)
			AwakeInstancesAfterBackupRestoration (7ms)
Platform modules already initialized, skipping
Refreshing native plugins compatible for Editor in 0.56 ms, found 3 plugins.
Preloading 0 native plugins for Editor in 0.00 ms.
Unloading 2529 Unused Serialized files (Serialized files now loaded: 0)
System memory in use before: 113.2 MB.
System memory in use after: 113.4 MB.

Unloading 18 unused Assets to reduce memory usage. Loaded Objects now: 3030.
Total: 3.219100 ms (FindLiveObjects: 0.236300 ms CreateObjectMapping: 0.114800 ms MarkObjects: 2.850900 ms  DeleteObjects: 0.016000 ms)

AssetImportParameters requested are different than current active one (requested -> active):
  custom:framework-win-MediaFoundation: 216162199b28c13a410421893ffa2e32 -> 
  custom:video-decoder-ogg-theora: a1e56fd34408186e4bbccfd4996cb3dc -> 
  custom:container-muxer-webm: aa71ff27fc2769a1b78a27578f13a17b -> 
  custom:container-demuxer-webm: 4f35f7cbe854078d1ac9338744f61a02 -> 
  custom:container-demuxer-ogg: 62fdf1f143b41e24485cea50d1cbac27 -> 
  custom:video-encoder-webm-vp8: eb34c28f22e8b96e1ab97ce403110664 -> 
  custom:video-codec-MediaFoundation-h265: 746d11721c4dcdbdad8f713fa42b33f4 -> 
  custom:video-decoder-webm-vp8: 9c59270c3fd7afecdb556c50c9e8de78 -> 
  custom:audio-decoder-ogg-vorbis: bf7c407c2cedff20999df2af8eb42d56 -> 
  custom:audio-encoder-webm-vorbis: bf7c407c2cedff20999df2af8eb42d56 -> 
========================================================================
Received Prepare
Registering precompiled user dll's ...
Registered in 0.004915 seconds.
Begin MonoManager ReloadAssembly
Native extension for WindowsStandalone target not found
Native extension for WebGL target not found
Refreshing native plugins compatible for Editor in 0.69 ms, found 3 plugins.
Preloading 0 native plugins for Editor in 0.00 ms.
Mono: successfully reloaded assembly
- Completed reload, in  0.836 seconds
Domain Reload Profiling:
	ReloadAssembly (837ms)
		BeginReloadAssembly (108ms)
			ExecutionOrderSort (0ms)
			DisableScriptedObjects (5ms)
			BackupInstance (0ms)
			ReleaseScriptingObjects (0ms)
			CreateAndSetChildDomain (31ms)
		EndReloadAssembly (678ms)
			LoadAssemblies (82ms)
			RebuildTransferFunctionScriptingTraits (0ms)
			SetupTypeCache (219ms)
			ReleaseScriptCaches (1ms)
			RebuildScriptCaches (29ms)
			SetupLoadedEditorAssemblies (273ms)
				LogAssemblyErrors (0ms)
				InitializePlatformSupportModulesInManaged (4ms)
				SetLoadedEditorAssemblies (0ms)
				RefreshPlugins (1ms)
				BeforeProcessingInitializeOnLoad (70ms)
				ProcessInitializeOnLoadAttributes (182ms)
				ProcessInitializeOnLoadMethodAttributes (9ms)
				AfterProcessingInitializeOnLoad (7ms)
				EditorAssembliesLoaded (0ms)
			ExecutionOrderSort2 (0ms)
			AwakeInstancesAfterBackupRestoration (7ms)
Platform modules already initialized, skipping
Refreshing native plugins compatible for Editor in 0.64 ms, found 3 plugins.
Preloading 0 native plugins for Editor in 0.00 ms.
Unloading 2529 Unused Serialized files (Serialized files now loaded: 0)
System memory in use before: 113.2 MB.
System memory in use after: 113.4 MB.

Unloading 18 unused Assets to reduce memory usage. Loaded Objects now: 3032.
Total: 3.906500 ms (FindLiveObjects: 0.240800 ms CreateObjectMapping: 0.072300 ms MarkObjects: 3.572400 ms  DeleteObjects: 0.020100 ms)

AssetImportParameters requested are different than current active one (requested -> active):
  custom:framework-win-MediaFoundation: 216162199b28c13a410421893ffa2e32 -> 
  custom:video-decoder-ogg-theora: a1e56fd34408186e4bbccfd4996cb3dc -> 
  custom:container-muxer-webm: aa71ff27fc2769a1b78a27578f13a17b -> 
  custom:container-demuxer-webm: 4f35f7cbe854078d1ac9338744f61a02 -> 
  custom:container-demuxer-ogg: 62fdf1f143b41e24485cea50d1cbac27 -> 
  custom:video-encoder-webm-vp8: eb34c28f22e8b96e1ab97ce403110664 -> 
  custom:video-codec-MediaFoundation-h265: 746d11721c4dcdbdad8f713fa42b33f4 -> 
  custom:video-decoder-webm-vp8: 9c59270c3fd7afecdb556c50c9e8de78 -> 
  custom:audio-decoder-ogg-vorbis: bf7c407c2cedff20999df2af8eb42d56 -> 
  custom:audio-encoder-webm-vorbis: bf7c407c2cedff20999df2af8eb42d56 -> 
========================================================================
Received Import Request.
  Time since last request: 47.490562 seconds.
  path: Assets/Prefabs/Bullets/SnakeBite_Bullet.prefab
  artifactKey: Guid(31786191faf72574c8004370348a7ed4) Importer(815301076,1909f56bfc062723c751e8b465ee728b)
Start importing Assets/Prefabs/Bullets/SnakeBite_Bullet.prefab using Guid(31786191faf72574c8004370348a7ed4) Importer(815301076,1909f56bfc062723c751e8b465ee728b)  -> (artifact id: 'fa35063682d26b52c206dcbc1f783efc') in 0.044622 seconds 
  Import took 0.048940 seconds .

========================================================================
Received Import Request.
  Time since last request: 1.322073 seconds.
  path: Assets/Prefabs/Bullets/SnakeBite_Bullet.prefab
  artifactKey: Guid(31786191faf72574c8004370348a7ed4) Importer(815301076,1909f56bfc062723c751e8b465ee728b)
Start importing Assets/Prefabs/Bullets/SnakeBite_Bullet.prefab using Guid(31786191faf72574c8004370348a7ed4) Importer(815301076,1909f56bfc062723c751e8b465ee728b)  -> (artifact id: '5106c68d0f9e172a7396e91204c1fca2') in 0.007922 seconds 
  Import took 0.011283 seconds .

========================================================================
Received Import Request.
  Time since last request: 1.386146 seconds.
  path: Assets/Prefabs/Bullets/SnakeBite_Bullet.prefab
  artifactKey: Guid(31786191faf72574c8004370348a7ed4) Importer(815301076,1909f56bfc062723c751e8b465ee728b)
Start importing Assets/Prefabs/Bullets/SnakeBite_Bullet.prefab using Guid(31786191faf72574c8004370348a7ed4) Importer(815301076,1909f56bfc062723c751e8b465ee728b)  -> (artifact id: '237abdbbd9f071036fceb4e008d5e5ec') in 0.008564 seconds 
  Import took 0.012257 seconds .

========================================================================
Received Import Request.
  Time since last request: 9.032030 seconds.
  path: Assets/Prefabs/Bullets/SnakeBite_Bullet.prefab
  artifactKey: Guid(31786191faf72574c8004370348a7ed4) Importer(815301076,1909f56bfc062723c751e8b465ee728b)
Start importing Assets/Prefabs/Bullets/SnakeBite_Bullet.prefab using Guid(31786191faf72574c8004370348a7ed4) Importer(815301076,1909f56bfc062723c751e8b465ee728b)  -> (artifact id: '4e804590b128ab19510a6a425d223276') in 0.008814 seconds 
  Import took 0.012208 seconds .

========================================================================
Received Import Request.
  Time since last request: 3.909882 seconds.
  path: Assets/Prefabs/Bullets/SnakeBite_Bullet.prefab
  artifactKey: Guid(31786191faf72574c8004370348a7ed4) Importer(815301076,1909f56bfc062723c751e8b465ee728b)
Start importing Assets/Prefabs/Bullets/SnakeBite_Bullet.prefab using Guid(31786191faf72574c8004370348a7ed4) Importer(815301076,1909f56bfc062723c751e8b465ee728b)  -> (artifact id: '3420c288a93995eabf3f45356280e5cd') in 0.007997 seconds 
  Import took 0.011768 seconds .

========================================================================
Received Import Request.
  Time since last request: 4.508430 seconds.
  path: Assets/Prefabs/Bullets/SnakeBite_Bullet.prefab
  artifactKey: Guid(31786191faf72574c8004370348a7ed4) Importer(815301076,1909f56bfc062723c751e8b465ee728b)
Start importing Assets/Prefabs/Bullets/SnakeBite_Bullet.prefab using Guid(31786191faf72574c8004370348a7ed4) Importer(815301076,1909f56bfc062723c751e8b465ee728b)  -> (artifact id: '18783544d5654c8303bfd23133b5b370') in 0.008494 seconds 
  Import took 0.012085 seconds .

========================================================================
Received Prepare
Registering precompiled user dll's ...
Registered in 0.004825 seconds.
Begin MonoManager ReloadAssembly
Native extension for WindowsStandalone target not found
Native extension for WebGL target not found
Refreshing native plugins compatible for Editor in 0.60 ms, found 3 plugins.
Preloading 0 native plugins for Editor in 0.00 ms.
Mono: successfully reloaded assembly
- Completed reload, in  0.835 seconds
Domain Reload Profiling:
	ReloadAssembly (835ms)
		BeginReloadAssembly (109ms)
			ExecutionOrderSort (0ms)
			DisableScriptedObjects (4ms)
			BackupInstance (0ms)
			ReleaseScriptingObjects (0ms)
			CreateAndSetChildDomain (34ms)
		EndReloadAssembly (675ms)
			LoadAssemblies (82ms)
			RebuildTransferFunctionScriptingTraits (0ms)
			SetupTypeCache (216ms)
			ReleaseScriptCaches (1ms)
			RebuildScriptCaches (30ms)
			SetupLoadedEditorAssemblies (273ms)
				LogAssemblyErrors (0ms)
				InitializePlatformSupportModulesInManaged (4ms)
				SetLoadedEditorAssemblies (0ms)
				RefreshPlugins (1ms)
				BeforeProcessingInitializeOnLoad (69ms)
				ProcessInitializeOnLoadAttributes (183ms)
				ProcessInitializeOnLoadMethodAttributes (8ms)
				AfterProcessingInitializeOnLoad (8ms)
				EditorAssembliesLoaded (0ms)
			ExecutionOrderSort2 (0ms)
			AwakeInstancesAfterBackupRestoration (7ms)
Platform modules already initialized, skipping
Refreshing native plugins compatible for Editor in 0.62 ms, found 3 plugins.
Preloading 0 native plugins for Editor in 0.00 ms.
Unloading 2529 Unused Serialized files (Serialized files now loaded: 0)
System memory in use before: 113.2 MB.
System memory in use after: 113.5 MB.

Unloading 18 unused Assets to reduce memory usage. Loaded Objects now: 3035.
Total: 3.522900 ms (FindLiveObjects: 0.243000 ms CreateObjectMapping: 0.105600 ms MarkObjects: 3.155400 ms  DeleteObjects: 0.017500 ms)

AssetImportParameters requested are different than current active one (requested -> active):
  custom:framework-win-MediaFoundation: 216162199b28c13a410421893ffa2e32 -> 
  custom:video-decoder-ogg-theora: a1e56fd34408186e4bbccfd4996cb3dc -> 
  custom:container-muxer-webm: aa71ff27fc2769a1b78a27578f13a17b -> 
  custom:container-demuxer-webm: 4f35f7cbe854078d1ac9338744f61a02 -> 
  custom:container-demuxer-ogg: 62fdf1f143b41e24485cea50d1cbac27 -> 
  custom:video-encoder-webm-vp8: eb34c28f22e8b96e1ab97ce403110664 -> 
  custom:video-codec-MediaFoundation-h265: 746d11721c4dcdbdad8f713fa42b33f4 -> 
  custom:video-decoder-webm-vp8: 9c59270c3fd7afecdb556c50c9e8de78 -> 
  custom:audio-decoder-ogg-vorbis: bf7c407c2cedff20999df2af8eb42d56 -> 
  custom:audio-encoder-webm-vorbis: bf7c407c2cedff20999df2af8eb42d56 -> 
AssetImportWorkerClient::OnTransportError - code=2 error=End of file
